16 [47983669135552] INFO perfrun.launcher <> - Launcher main begin
34 [47983669135552] INFO perfrun.launcher <> - MessageCatalogInit finished
34 [47983669135552] INFO perfrun.launcher <> - Launcher instance created
34 [47983669135552] INFO perfrun.launcher <> - argc = 6; cmdline = /public1/soft/oneAPI/2021.1/vtune/2021.1.1/bin64/amplxe-runss -dump-vdso -r /tmp/amplxe-tmp-sca3153/amplxe-res-259197-1872209673177634 --tmp-dir /tmp/amplxe-tmp-sca3153 
66 [47983669135552] INFO perfrun.launcher <> - plugin remoteplug has been added successfully
66 [47983669135552] INFO perfrun.launcher <> - plugin system has been added successfully
66 [47983669135552] INFO perfrun.launcher <> - plugin vdso has been added successfully
66 [47983669135552] INFO perfrun.launcher <> - plugin itt has been added successfully
66 [47983669135552] INFO perfrun.launcher <> - plugin ptracecollector has been added successfully
66 [47983669135552] INFO perfrun.launcher <> - plugin gpu has been added successfully
66 [47983669135552] INFO perfrun.launcher <> - plugin  has been added successfully
66 [47983669135552] INFO perfrun.launcher <> - plugin  has been added successfully
66 [47983669135552] INFO perfrun.launcher <> - plugin  has been added successfully
66 [47983669135552] INFO perfrun.launcher <> - plugin mrte has been added successfully
66 [47983669135552] INFO perfrun.launcher <> - plugin emon has been added successfully
66 [47983669135552] INFO perfrun.launcher <> - plugin cuscol has been added successfully
67 [47983669135552] INFO perfrun.launcher <> - plugin stdsrc has been added successfully
67 [47983669135552] INFO perfrun.launcher <> - plugin sep has been added successfully
67 [47983669135552] INFO perfrun.launcher <> - plugin vtsspp has been added successfully
67 [47983669135552] INFO perfrun.sdk <> - Reading value (2) from file: /proc/sys/kernel/perf_event_paranoid
67 [47983669135552] INFO perfrun.perfcollector <> - checking access to: /public1/soft/oneAPI/2021.1/vtune/2021.1.1/bin64/amplxe-perf-priv
72 [47983669135552] INFO perfrun.perfcollector <> - cpu: family = 6 model = 85
72 [47983669135552] INFO perfrun.perfcollector <> - dir found : /sys/bus/event_source/devices/cpu
72 [47983669135552] INFO perfrun.perfcollector <> - format: pc config:19 mask:19
72 [47983669135552] INFO perfrun.perfcollector <> - format: any config:21 mask:21
72 [47983669135552] INFO perfrun.perfcollector <> - format: inv config:23 mask:23
72 [47983669135552] INFO perfrun.perfcollector <> - format: edge config:18 mask:18
72 [47983669135552] INFO perfrun.perfcollector <> - format: cmask config:24-31 mask:24-31
72 [47983669135552] INFO perfrun.perfcollector <> - format: event config:0-7 mask:0-7
72 [47983669135552] INFO perfrun.perfcollector <> - format: in_tx config:32 mask:32
72 [47983669135552] INFO perfrun.perfcollector <> - format: ldlat config1:0-15 mask:0-15
72 [47983669135552] INFO perfrun.perfcollector <> - format: umask config:8-15 mask:8-15
72 [47983669135552] INFO perfrun.perfcollector <> - format: in_tx_cp config:33 mask:33
72 [47983669135552] INFO perfrun.perfcollector <> - format: frontend config1:0-23 mask:0-23
72 [47983669135552] INFO perfrun.perfcollector <> - format: offcore_rsp config1:0-63 mask:0-63
72 [47983669135552] INFO perfrun.perfcollector <> - hwInfo : PERF_CPU_PMU_DETAILS
72 [47983669135552] INFO perfrun.perfcollector <> - pmu added : family : cpu , id : 0
72 [47983669135552] INFO perfrun.perfcollector <> - dir found : /sys/bus/event_source/devices/msr
72 [47983669135552] INFO perfrun.perfcollector <> - format: event config:0-63 mask:0-63
72 [47983669135552] WARN perfrun.perfcollector <> - pmu hwInfo is not set, at file: vcs/perfrun1/plugins/perfcollector/src/controller.cpp:819
72 [47983669135552] INFO perfrun.perfcollector <> - pmu added : family : msr , id : 0
72 [47983669135552] INFO perfrun.perfcollector <> - dir found : /sys/bus/event_source/devices/software
72 [47983669135552] WARN perfrun.perfcollector <> - format subdir doesn't exist, at file: vcs/perfrun1/plugins/perfcollector/src/controller.cpp:725
72 [47983669135552] WARN perfrun.perfcollector <> - pmu hwInfo is not set, at file: vcs/perfrun1/plugins/perfcollector/src/controller.cpp:819
72 [47983669135552] INFO perfrun.perfcollector <> - pmu added : family : software , id : 0
72 [47983669135552] INFO perfrun.perfcollector <> - dir found : /sys/bus/event_source/devices/power
72 [47983669135552] INFO perfrun.perfcollector <> - format: event config:0-7 mask:0-7
72 [47983669135552] WARN perfrun.perfcollector <> - pmu hwInfo is not set, at file: vcs/perfrun1/plugins/perfcollector/src/controller.cpp:819
72 [47983669135552] INFO perfrun.perfcollector <> - pmu added : family : power , id : 0
72 [47983669135552] INFO perfrun.perfcollector <> - dir found : /sys/bus/event_source/devices/uncore_pcu
73 [47983669135552] INFO perfrun.perfcollector <> - format: inv config:23 mask:23
73 [47983669135552] INFO perfrun.perfcollector <> - format: occ_invert config:30 mask:30
73 [47983669135552] INFO perfrun.perfcollector <> - format: edge config:18 mask:18
73 [47983669135552] INFO perfrun.perfcollector <> - format: event config:0-7 mask:0-7
73 [47983669135552] INFO perfrun.perfcollector <> - format: umask config:8-15 mask:8-15
73 [47983669135552] INFO perfrun.perfcollector <> - format: thresh config:24-31 mask:24-31
73 [47983669135552] INFO perfrun.perfcollector <> - format: filter_band0 config1:0-7 mask:0-7
73 [47983669135552] INFO perfrun.perfcollector <> - format: filter_band1 config1:8-15 mask:8-15
73 [47983669135552] INFO perfrun.perfcollector <> - format: filter_band2 config1:16-23 mask:16-23
73 [47983669135552] INFO perfrun.perfcollector <> - format: filter_band3 config1:24-31 mask:24-31
73 [47983669135552] INFO perfrun.perfcollector <> - format: occ_edge_det config:31 mask:31
73 [47983669135552] WARN perfrun.perfcollector <> - pmu hwInfo is not set, at file: vcs/perfrun1/plugins/perfcollector/src/controller.cpp:819
73 [47983669135552] INFO perfrun.perfcollector <> - pmu added : family : uncore_pcu , id : 0
73 [47983669135552] INFO perfrun.perfcollector <> - dir found : /sys/bus/event_source/devices/tracepoint
73 [47983669135552] WARN perfrun.perfcollector <> - format subdir doesn't exist, at file: vcs/perfrun1/plugins/perfcollector/src/controller.cpp:725
73 [47983669135552] WARN perfrun.perfcollector <> - pmu hwInfo is not set, at file: vcs/perfrun1/plugins/perfcollector/src/controller.cpp:819
73 [47983669135552] INFO perfrun.perfcollector <> - pmu added : family : tracepoint , id : 0
73 [47983669135552] INFO perfrun.perfcollector <> - dir found : /sys/bus/event_source/devices/uncore_cha_0
73 [47983669135552] INFO perfrun.perfcollector <> - format: inv config:23 mask:23
73 [47983669135552] INFO perfrun.perfcollector <> - format: edge config:18 mask:18
73 [47983669135552] INFO perfrun.perfcollector <> - format: event config:0-7 mask:0-7
73 [47983669135552] INFO perfrun.perfcollector <> - format: umask config:8-15 mask:8-15
73 [47983669135552] INFO perfrun.perfcollector <> - format: filter_nc config1:62 mask:62
73 [47983669135552] INFO perfrun.perfcollector <> - format: filter_nm config1:36 mask:36
73 [47983669135552] INFO perfrun.perfcollector <> - format: filter_isoc config1:63 mask:63
73 [47983669135552] INFO perfrun.perfcollector <> - format: filter_opc0 config1:41-50 mask:41-50
73 [47983669135552] INFO perfrun.perfcollector <> - format: filter_opc1 config1:51-60 mask:51-60
73 [47983669135552] INFO perfrun.perfcollector <> - format: filter_loc config1:33 mask:33
73 [47983669135552] INFO perfrun.perfcollector <> - format: filter_rem config1:32 mask:32
73 [47983669135552] INFO perfrun.perfcollector <> - format: filter_tid config1:0-8 mask:0-8
73 [47983669135552] INFO perfrun.perfcollector <> - format: filter_all_op config1:35 mask:35
73 [47983669135552] INFO perfrun.perfcollector <> - format: tid_en config:19 mask:19
73 [47983669135552] INFO perfrun.perfcollector <> - format: thresh config:24-31 mask:24-31
73 [47983669135552] INFO perfrun.perfcollector <> - format: filter_state config1:17-26 mask:17-26
74 [47983669135552] INFO perfrun.perfcollector <> - format: filter_not_nm config1:37 mask:37
74 [47983669135552] INFO perfrun.perfcollector <> - hwInfo : PERF_CHA_PMU_DETAILS
74 [47983669135552] INFO perfrun.perfcollector <> - pmu added : family : uncore_cha , id : 0
74 [47983669135552] INFO perfrun.perfcollector <> - dir found : /sys/bus/event_source/devices/uncore_cha_1
74 [47983669135552] INFO perfrun.perfcollector <> - format: inv config:23 mask:23
74 [47983669135552] INFO perfrun.perfcollector <> - format: edge config:18 mask:18
74 [47983669135552] INFO perfrun.perfcollector <> - format: event config:0-7 mask:0-7
74 [47983669135552] INFO perfrun.perfcollector <> - format: umask config:8-15 mask:8-15
74 [47983669135552] INFO perfrun.perfcollector <> - format: filter_nc config1:62 mask:62
74 [47983669135552] INFO perfrun.perfcollector <> - format: filter_nm config1:36 mask:36
74 [47983669135552] INFO perfrun.perfcollector <> - format: filter_isoc config1:63 mask:63
74 [47983669135552] INFO perfrun.perfcollector <> - format: filter_opc0 config1:41-50 mask:41-50
74 [47983669135552] INFO perfrun.perfcollector <> - format: filter_opc1 config1:51-60 mask:51-60
74 [47983669135552] INFO perfrun.perfcollector <> - format: filter_loc config1:33 mask:33
74 [47983669135552] INFO perfrun.perfcollector <> - format: filter_rem config1:32 mask:32
74 [47983669135552] INFO perfrun.perfcollector <> - format: filter_tid config1:0-8 mask:0-8
74 [47983669135552] INFO perfrun.perfcollector <> - format: filter_all_op config1:35 mask:35
74 [47983669135552] INFO perfrun.perfcollector <> - format: tid_en config:19 mask:19
74 [47983669135552] INFO perfrun.perfcollector <> - format: thresh config:24-31 mask:24-31
74 [47983669135552] INFO perfrun.perfcollector <> - format: filter_state config1:17-26 mask:17-26
74 [47983669135552] INFO perfrun.perfcollector <> - format: filter_not_nm config1:37 mask:37
74 [47983669135552] INFO perfrun.perfcollector <> - hwInfo : PERF_CHA_PMU_DETAILS
74 [47983669135552] INFO perfrun.perfcollector <> - pmu added : family : uncore_cha , id : 1
74 [47983669135552] INFO perfrun.perfcollector <> - dir found : /sys/bus/event_source/devices/uncore_cha_2
74 [47983669135552] INFO perfrun.perfcollector <> - format: inv config:23 mask:23
74 [47983669135552] INFO perfrun.perfcollector <> - format: edge config:18 mask:18
74 [47983669135552] INFO perfrun.perfcollector <> - format: event config:0-7 mask:0-7
74 [47983669135552] INFO perfrun.perfcollector <> - format: umask config:8-15 mask:8-15
74 [47983669135552] INFO perfrun.perfcollector <> - format: filter_nc config1:62 mask:62
74 [47983669135552] INFO perfrun.perfcollector <> - format: filter_nm config1:36 mask:36
74 [47983669135552] INFO perfrun.perfcollector <> - format: filter_isoc config1:63 mask:63
74 [47983669135552] INFO perfrun.perfcollector <> - format: filter_opc0 config1:41-50 mask:41-50
74 [47983669135552] INFO perfrun.perfcollector <> - format: filter_opc1 config1:51-60 mask:51-60
74 [47983669135552] INFO perfrun.perfcollector <> - format: filter_loc config1:33 mask:33
74 [47983669135552] INFO perfrun.perfcollector <> - format: filter_rem config1:32 mask:32
74 [47983669135552] INFO perfrun.perfcollector <> - format: filter_tid config1:0-8 mask:0-8
74 [47983669135552] INFO perfrun.perfcollector <> - format: filter_all_op config1:35 mask:35
74 [47983669135552] INFO perfrun.perfcollector <> - format: tid_en config:19 mask:19
74 [47983669135552] INFO perfrun.perfcollector <> - format: thresh config:24-31 mask:24-31
74 [47983669135552] INFO perfrun.perfcollector <> - format: filter_state config1:17-26 mask:17-26
75 [47983669135552] INFO perfrun.perfcollector <> - format: filter_not_nm config1:37 mask:37
75 [47983669135552] INFO perfrun.perfcollector <> - hwInfo : PERF_CHA_PMU_DETAILS
75 [47983669135552] INFO perfrun.perfcollector <> - pmu added : family : uncore_cha , id : 2
75 [47983669135552] INFO perfrun.perfcollector <> - dir found : /sys/bus/event_source/devices/uncore_cha_3
75 [47983669135552] INFO perfrun.perfcollector <> - format: inv config:23 mask:23
75 [47983669135552] INFO perfrun.perfcollector <> - format: edge config:18 mask:18
75 [47983669135552] INFO perfrun.perfcollector <> - format: event config:0-7 mask:0-7
75 [47983669135552] INFO perfrun.perfcollector <> - format: umask config:8-15 mask:8-15
75 [47983669135552] INFO perfrun.perfcollector <> - format: filter_nc config1:62 mask:62
75 [47983669135552] INFO perfrun.perfcollector <> - format: filter_nm config1:36 mask:36
75 [47983669135552] INFO perfrun.perfcollector <> - format: filter_isoc config1:63 mask:63
75 [47983669135552] INFO perfrun.perfcollector <> - format: filter_opc0 config1:41-50 mask:41-50
75 [47983669135552] INFO perfrun.perfcollector <> - format: filter_opc1 config1:51-60 mask:51-60
75 [47983669135552] INFO perfrun.perfcollector <> - format: filter_loc config1:33 mask:33
75 [47983669135552] INFO perfrun.perfcollector <> - format: filter_rem config1:32 mask:32
75 [47983669135552] INFO perfrun.perfcollector <> - format: filter_tid config1:0-8 mask:0-8
75 [47983669135552] INFO perfrun.perfcollector <> - format: filter_all_op config1:35 mask:35
75 [47983669135552] INFO perfrun.perfcollector <> - format: tid_en config:19 mask:19
75 [47983669135552] INFO perfrun.perfcollector <> - format: thresh config:24-31 mask:24-31
75 [47983669135552] INFO perfrun.perfcollector <> - format: filter_state config1:17-26 mask:17-26
75 [47983669135552] INFO perfrun.perfcollector <> - format: filter_not_nm config1:37 mask:37
75 [47983669135552] INFO perfrun.perfcollector <> - hwInfo : PERF_CHA_PMU_DETAILS
75 [47983669135552] INFO perfrun.perfcollector <> - pmu added : family : uncore_cha , id : 3
75 [47983669135552] INFO perfrun.perfcollector <> - dir found : /sys/bus/event_source/devices/uncore_cha_4
75 [47983669135552] INFO perfrun.perfcollector <> - format: inv config:23 mask:23
75 [47983669135552] INFO perfrun.perfcollector <> - format: edge config:18 mask:18
75 [47983669135552] INFO perfrun.perfcollector <> - format: event config:0-7 mask:0-7
75 [47983669135552] INFO perfrun.perfcollector <> - format: umask config:8-15 mask:8-15
75 [47983669135552] INFO perfrun.perfcollector <> - format: filter_nc config1:62 mask:62
75 [47983669135552] INFO perfrun.perfcollector <> - format: filter_nm config1:36 mask:36
75 [47983669135552] INFO perfrun.perfcollector <> - format: filter_isoc config1:63 mask:63
75 [47983669135552] INFO perfrun.perfcollector <> - format: filter_opc0 config1:41-50 mask:41-50
75 [47983669135552] INFO perfrun.perfcollector <> - format: filter_opc1 config1:51-60 mask:51-60
75 [47983669135552] INFO perfrun.perfcollector <> - format: filter_loc config1:33 mask:33
75 [47983669135552] INFO perfrun.perfcollector <> - format: filter_rem config1:32 mask:32
75 [47983669135552] INFO perfrun.perfcollector <> - format: filter_tid config1:0-8 mask:0-8
75 [47983669135552] INFO perfrun.perfcollector <> - format: filter_all_op config1:35 mask:35
75 [47983669135552] INFO perfrun.perfcollector <> - format: tid_en config:19 mask:19
75 [47983669135552] INFO perfrun.perfcollector <> - format: thresh config:24-31 mask:24-31
75 [47983669135552] INFO perfrun.perfcollector <> - format: filter_state config1:17-26 mask:17-26
75 [47983669135552] INFO perfrun.perfcollector <> - format: filter_not_nm config1:37 mask:37
76 [47983669135552] INFO perfrun.perfcollector <> - hwInfo : PERF_CHA_PMU_DETAILS
76 [47983669135552] INFO perfrun.perfcollector <> - pmu added : family : uncore_cha , id : 4
76 [47983669135552] INFO perfrun.perfcollector <> - dir found : /sys/bus/event_source/devices/uncore_cha_5
76 [47983669135552] INFO perfrun.perfcollector <> - format: inv config:23 mask:23
76 [47983669135552] INFO perfrun.perfcollector <> - format: edge config:18 mask:18
76 [47983669135552] INFO perfrun.perfcollector <> - format: event config:0-7 mask:0-7
76 [47983669135552] INFO perfrun.perfcollector <> - format: umask config:8-15 mask:8-15
76 [47983669135552] INFO perfrun.perfcollector <> - format: filter_nc config1:62 mask:62
76 [47983669135552] INFO perfrun.perfcollector <> - format: filter_nm config1:36 mask:36
76 [47983669135552] INFO perfrun.perfcollector <> - format: filter_isoc config1:63 mask:63
76 [47983669135552] INFO perfrun.perfcollector <> - format: filter_opc0 config1:41-50 mask:41-50
76 [47983669135552] INFO perfrun.perfcollector <> - format: filter_opc1 config1:51-60 mask:51-60
76 [47983669135552] INFO perfrun.perfcollector <> - format: filter_loc config1:33 mask:33
76 [47983669135552] INFO perfrun.perfcollector <> - format: filter_rem config1:32 mask:32
76 [47983669135552] INFO perfrun.perfcollector <> - format: filter_tid config1:0-8 mask:0-8
76 [47983669135552] INFO perfrun.perfcollector <> - format: filter_all_op config1:35 mask:35
76 [47983669135552] INFO perfrun.perfcollector <> - format: tid_en config:19 mask:19
76 [47983669135552] INFO perfrun.perfcollector <> - format: thresh config:24-31 mask:24-31
76 [47983669135552] INFO perfrun.perfcollector <> - format: filter_state config1:17-26 mask:17-26
76 [47983669135552] INFO perfrun.perfcollector <> - format: filter_not_nm config1:37 mask:37
76 [47983669135552] INFO perfrun.perfcollector <> - hwInfo : PERF_CHA_PMU_DETAILS
76 [47983669135552] INFO perfrun.perfcollector <> - pmu added : family : uncore_cha , id : 5
76 [47983669135552] INFO perfrun.perfcollector <> - dir found : /sys/bus/event_source/devices/uncore_cha_6
76 [47983669135552] INFO perfrun.perfcollector <> - format: inv config:23 mask:23
76 [47983669135552] INFO perfrun.perfcollector <> - format: edge config:18 mask:18
76 [47983669135552] INFO perfrun.perfcollector <> - format: event config:0-7 mask:0-7
76 [47983669135552] INFO perfrun.perfcollector <> - format: umask config:8-15 mask:8-15
76 [47983669135552] INFO perfrun.perfcollector <> - format: filter_nc config1:62 mask:62
76 [47983669135552] INFO perfrun.perfcollector <> - format: filter_nm config1:36 mask:36
76 [47983669135552] INFO perfrun.perfcollector <> - format: filter_isoc config1:63 mask:63
76 [47983669135552] INFO perfrun.perfcollector <> - format: filter_opc0 config1:41-50 mask:41-50
76 [47983669135552] INFO perfrun.perfcollector <> - format: filter_opc1 config1:51-60 mask:51-60
76 [47983669135552] INFO perfrun.perfcollector <> - format: filter_loc config1:33 mask:33
76 [47983669135552] INFO perfrun.perfcollector <> - format: filter_rem config1:32 mask:32
76 [47983669135552] INFO perfrun.perfcollector <> - format: filter_tid config1:0-8 mask:0-8
76 [47983669135552] INFO perfrun.perfcollector <> - format: filter_all_op config1:35 mask:35
76 [47983669135552] INFO perfrun.perfcollector <> - format: tid_en config:19 mask:19
76 [47983669135552] INFO perfrun.perfcollector <> - format: thresh config:24-31 mask:24-31
76 [47983669135552] INFO perfrun.perfcollector <> - format: filter_state config1:17-26 mask:17-26
76 [47983669135552] INFO perfrun.perfcollector <> - format: filter_not_nm config1:37 mask:37
76 [47983669135552] INFO perfrun.perfcollector <> - hwInfo : PERF_CHA_PMU_DETAILS
77 [47983669135552] INFO perfrun.perfcollector <> - pmu added : family : uncore_cha , id : 6
77 [47983669135552] INFO perfrun.perfcollector <> - dir found : /sys/bus/event_source/devices/uncore_cha_7
77 [47983669135552] INFO perfrun.perfcollector <> - format: inv config:23 mask:23
77 [47983669135552] INFO perfrun.perfcollector <> - format: edge config:18 mask:18
77 [47983669135552] INFO perfrun.perfcollector <> - format: event config:0-7 mask:0-7
77 [47983669135552] INFO perfrun.perfcollector <> - format: umask config:8-15 mask:8-15
77 [47983669135552] INFO perfrun.perfcollector <> - format: filter_nc config1:62 mask:62
77 [47983669135552] INFO perfrun.perfcollector <> - format: filter_nm config1:36 mask:36
77 [47983669135552] INFO perfrun.perfcollector <> - format: filter_isoc config1:63 mask:63
77 [47983669135552] INFO perfrun.perfcollector <> - format: filter_opc0 config1:41-50 mask:41-50
77 [47983669135552] INFO perfrun.perfcollector <> - format: filter_opc1 config1:51-60 mask:51-60
77 [47983669135552] INFO perfrun.perfcollector <> - format: filter_loc config1:33 mask:33
77 [47983669135552] INFO perfrun.perfcollector <> - format: filter_rem config1:32 mask:32
77 [47983669135552] INFO perfrun.perfcollector <> - format: filter_tid config1:0-8 mask:0-8
77 [47983669135552] INFO perfrun.perfcollector <> - format: filter_all_op config1:35 mask:35
77 [47983669135552] INFO perfrun.perfcollector <> - format: tid_en config:19 mask:19
77 [47983669135552] INFO perfrun.perfcollector <> - format: thresh config:24-31 mask:24-31
77 [47983669135552] INFO perfrun.perfcollector <> - format: filter_state config1:17-26 mask:17-26
77 [47983669135552] INFO perfrun.perfcollector <> - format: filter_not_nm config1:37 mask:37
77 [47983669135552] INFO perfrun.perfcollector <> - hwInfo : PERF_CHA_PMU_DETAILS
77 [47983669135552] INFO perfrun.perfcollector <> - pmu added : family : uncore_cha , id : 7
77 [47983669135552] INFO perfrun.perfcollector <> - dir found : /sys/bus/event_source/devices/uncore_m2m_0
77 [47983669135552] INFO perfrun.perfcollector <> - format: inv config:23 mask:23
77 [47983669135552] INFO perfrun.perfcollector <> - format: edge config:18 mask:18
77 [47983669135552] INFO perfrun.perfcollector <> - format: event config:0-7 mask:0-7
77 [47983669135552] INFO perfrun.perfcollector <> - format: umask config:8-15 mask:8-15
77 [47983669135552] INFO perfrun.perfcollector <> - format: thresh config:24-31 mask:24-31
77 [47983669135552] INFO perfrun.perfcollector <> - hwInfo : PERF_M2M_PMU_DETAILS
77 [47983669135552] INFO perfrun.perfcollector <> - pmu added : family : uncore_m2m , id : 0
77 [47983669135552] INFO perfrun.perfcollector <> - dir found : /sys/bus/event_source/devices/uncore_m2m_1
77 [47983669135552] INFO perfrun.perfcollector <> - format: inv config:23 mask:23
77 [47983669135552] INFO perfrun.perfcollector <> - format: edge config:18 mask:18
77 [47983669135552] INFO perfrun.perfcollector <> - format: event config:0-7 mask:0-7
77 [47983669135552] INFO perfrun.perfcollector <> - format: umask config:8-15 mask:8-15
77 [47983669135552] INFO perfrun.perfcollector <> - format: thresh config:24-31 mask:24-31
77 [47983669135552] INFO perfrun.perfcollector <> - hwInfo : PERF_M2M_PMU_DETAILS
77 [47983669135552] INFO perfrun.perfcollector <> - pmu added : family : uncore_m2m , id : 1
77 [47983669135552] INFO perfrun.perfcollector <> - dir found : /sys/bus/event_source/devices/uncore_iio_0
77 [47983669135552] INFO perfrun.perfcollector <> - format: inv config:23 mask:23
77 [47983669135552] INFO perfrun.perfcollector <> - format: edge config:18 mask:18
77 [47983669135552] INFO perfrun.perfcollector <> - format: event config:0-7 mask:0-7
78 [47983669135552] INFO perfrun.perfcollector <> - format: umask config:8-15 mask:8-15
78 [47983669135552] INFO perfrun.perfcollector <> - format: fc_mask config:44-46 mask:44-46
78 [47983669135552] INFO perfrun.perfcollector <> - format: thresh config:24-35 mask:24-35
78 [47983669135552] INFO perfrun.perfcollector <> - format: ch_mask config:36-43 mask:36-43
78 [47983669135552] INFO perfrun.perfcollector <> - hwInfo : PERF_IIO_PMU_DETAILS
78 [47983669135552] INFO perfrun.perfcollector <> - pmu added : family : uncore_iio , id : 0
78 [47983669135552] INFO perfrun.perfcollector <> - dir found : /sys/bus/event_source/devices/uncore_iio_1
78 [47983669135552] INFO perfrun.perfcollector <> - format: inv config:23 mask:23
78 [47983669135552] INFO perfrun.perfcollector <> - format: edge config:18 mask:18
78 [47983669135552] INFO perfrun.perfcollector <> - format: event config:0-7 mask:0-7
78 [47983669135552] INFO perfrun.perfcollector <> - format: umask config:8-15 mask:8-15
78 [47983669135552] INFO perfrun.perfcollector <> - format: fc_mask config:44-46 mask:44-46
78 [47983669135552] INFO perfrun.perfcollector <> - format: thresh config:24-35 mask:24-35
78 [47983669135552] INFO perfrun.perfcollector <> - format: ch_mask config:36-43 mask:36-43
78 [47983669135552] INFO perfrun.perfcollector <> - hwInfo : PERF_IIO_PMU_DETAILS
78 [47983669135552] INFO perfrun.perfcollector <> - pmu added : family : uncore_iio , id : 1
78 [47983669135552] INFO perfrun.perfcollector <> - dir found : /sys/bus/event_source/devices/uncore_iio_2
78 [47983669135552] INFO perfrun.perfcollector <> - format: inv config:23 mask:23
78 [47983669135552] INFO perfrun.perfcollector <> - format: edge config:18 mask:18
78 [47983669135552] INFO perfrun.perfcollector <> - format: event config:0-7 mask:0-7
78 [47983669135552] INFO perfrun.perfcollector <> - format: umask config:8-15 mask:8-15
78 [47983669135552] INFO perfrun.perfcollector <> - format: fc_mask config:44-46 mask:44-46
78 [47983669135552] INFO perfrun.perfcollector <> - format: thresh config:24-35 mask:24-35
78 [47983669135552] INFO perfrun.perfcollector <> - format: ch_mask config:36-43 mask:36-43
78 [47983669135552] INFO perfrun.perfcollector <> - hwInfo : PERF_IIO_PMU_DETAILS
78 [47983669135552] INFO perfrun.perfcollector <> - pmu added : family : uncore_iio , id : 2
78 [47983669135552] INFO perfrun.perfcollector <> - dir found : /sys/bus/event_source/devices/uncore_iio_3
78 [47983669135552] INFO perfrun.perfcollector <> - format: inv config:23 mask:23
78 [47983669135552] INFO perfrun.perfcollector <> - format: edge config:18 mask:18
78 [47983669135552] INFO perfrun.perfcollector <> - format: event config:0-7 mask:0-7
78 [47983669135552] INFO perfrun.perfcollector <> - format: umask config:8-15 mask:8-15
78 [47983669135552] INFO perfrun.perfcollector <> - format: fc_mask config:44-46 mask:44-46
78 [47983669135552] INFO perfrun.perfcollector <> - format: thresh config:24-35 mask:24-35
78 [47983669135552] INFO perfrun.perfcollector <> - format: ch_mask config:36-43 mask:36-43
78 [47983669135552] INFO perfrun.perfcollector <> - hwInfo : PERF_IIO_PMU_DETAILS
78 [47983669135552] INFO perfrun.perfcollector <> - pmu added : family : uncore_iio , id : 3
78 [47983669135552] INFO perfrun.perfcollector <> - dir found : /sys/bus/event_source/devices/uncore_iio_4
78 [47983669135552] INFO perfrun.perfcollector <> - format: inv config:23 mask:23
78 [47983669135552] INFO perfrun.perfcollector <> - format: edge config:18 mask:18
78 [47983669135552] INFO perfrun.perfcollector <> - format: event config:0-7 mask:0-7
78 [47983669135552] INFO perfrun.perfcollector <> - format: umask config:8-15 mask:8-15
78 [47983669135552] INFO perfrun.perfcollector <> - format: fc_mask config:44-46 mask:44-46
79 [47983669135552] INFO perfrun.perfcollector <> - format: thresh config:24-35 mask:24-35
79 [47983669135552] INFO perfrun.perfcollector <> - format: ch_mask config:36-43 mask:36-43
79 [47983669135552] INFO perfrun.perfcollector <> - hwInfo : PERF_IIO_PMU_DETAILS
79 [47983669135552] INFO perfrun.perfcollector <> - pmu added : family : uncore_iio , id : 4
79 [47983669135552] INFO perfrun.perfcollector <> - dir found : /sys/bus/event_source/devices/uncore_iio_5
79 [47983669135552] INFO perfrun.perfcollector <> - format: inv config:23 mask:23
79 [47983669135552] INFO perfrun.perfcollector <> - format: edge config:18 mask:18
79 [47983669135552] INFO perfrun.perfcollector <> - format: event config:0-7 mask:0-7
79 [47983669135552] INFO perfrun.perfcollector <> - format: umask config:8-15 mask:8-15
79 [47983669135552] INFO perfrun.perfcollector <> - format: fc_mask config:44-46 mask:44-46
79 [47983669135552] INFO perfrun.perfcollector <> - format: thresh config:24-35 mask:24-35
79 [47983669135552] INFO perfrun.perfcollector <> - format: ch_mask config:36-43 mask:36-43
79 [47983669135552] INFO perfrun.perfcollector <> - hwInfo : PERF_IIO_PMU_DETAILS
79 [47983669135552] INFO perfrun.perfcollector <> - pmu added : family : uncore_iio , id : 5
79 [47983669135552] INFO perfrun.perfcollector <> - dir found : /sys/bus/event_source/devices/uncore_imc_0
79 [47983669135552] INFO perfrun.perfcollector <> - format: inv config:23 mask:23
79 [47983669135552] INFO perfrun.perfcollector <> - format: edge config:18 mask:18
79 [47983669135552] INFO perfrun.perfcollector <> - format: event config:0-7 mask:0-7
79 [47983669135552] INFO perfrun.perfcollector <> - format: umask config:8-15 mask:8-15
79 [47983669135552] INFO perfrun.perfcollector <> - format: thresh config:24-31 mask:24-31
79 [47983669135552] INFO perfrun.perfcollector <> - hwInfo : PERF_IMC_PMU_DETAILS
79 [47983669135552] INFO perfrun.perfcollector <> - pmu added : family : uncore_imc , id : 0
79 [47983669135552] INFO perfrun.perfcollector <> - dir found : /sys/bus/event_source/devices/uncore_imc_1
79 [47983669135552] INFO perfrun.perfcollector <> - format: inv config:23 mask:23
79 [47983669135552] INFO perfrun.perfcollector <> - format: edge config:18 mask:18
79 [47983669135552] INFO perfrun.perfcollector <> - format: event config:0-7 mask:0-7
79 [47983669135552] INFO perfrun.perfcollector <> - format: umask config:8-15 mask:8-15
79 [47983669135552] INFO perfrun.perfcollector <> - format: thresh config:24-31 mask:24-31
79 [47983669135552] INFO perfrun.perfcollector <> - hwInfo : PERF_IMC_PMU_DETAILS
79 [47983669135552] INFO perfrun.perfcollector <> - pmu added : family : uncore_imc , id : 1
79 [47983669135552] INFO perfrun.perfcollector <> - dir found : /sys/bus/event_source/devices/uncore_imc_2
79 [47983669135552] INFO perfrun.perfcollector <> - format: inv config:23 mask:23
79 [47983669135552] INFO perfrun.perfcollector <> - format: edge config:18 mask:18
79 [47983669135552] INFO perfrun.perfcollector <> - format: event config:0-7 mask:0-7
79 [47983669135552] INFO perfrun.perfcollector <> - format: umask config:8-15 mask:8-15
79 [47983669135552] INFO perfrun.perfcollector <> - format: thresh config:24-31 mask:24-31
79 [47983669135552] INFO perfrun.perfcollector <> - hwInfo : PERF_IMC_PMU_DETAILS
79 [47983669135552] INFO perfrun.perfcollector <> - pmu added : family : uncore_imc , id : 2
79 [47983669135552] INFO perfrun.perfcollector <> - dir found : /sys/bus/event_source/devices/uncore_imc_3
79 [47983669135552] INFO perfrun.perfcollector <> - format: inv config:23 mask:23
79 [47983669135552] INFO perfrun.perfcollector <> - format: edge config:18 mask:18
80 [47983669135552] INFO perfrun.perfcollector <> - format: event config:0-7 mask:0-7
80 [47983669135552] INFO perfrun.perfcollector <> - format: umask config:8-15 mask:8-15
80 [47983669135552] INFO perfrun.perfcollector <> - format: thresh config:24-31 mask:24-31
80 [47983669135552] INFO perfrun.perfcollector <> - hwInfo : PERF_IMC_PMU_DETAILS
80 [47983669135552] INFO perfrun.perfcollector <> - pmu added : family : uncore_imc , id : 3
80 [47983669135552] INFO perfrun.perfcollector <> - dir found : /sys/bus/event_source/devices/uncore_imc_4
80 [47983669135552] INFO perfrun.perfcollector <> - format: inv config:23 mask:23
80 [47983669135552] INFO perfrun.perfcollector <> - format: edge config:18 mask:18
80 [47983669135552] INFO perfrun.perfcollector <> - format: event config:0-7 mask:0-7
80 [47983669135552] INFO perfrun.perfcollector <> - format: umask config:8-15 mask:8-15
80 [47983669135552] INFO perfrun.perfcollector <> - format: thresh config:24-31 mask:24-31
80 [47983669135552] INFO perfrun.perfcollector <> - hwInfo : PERF_IMC_PMU_DETAILS
80 [47983669135552] INFO perfrun.perfcollector <> - pmu added : family : uncore_imc , id : 4
80 [47983669135552] INFO perfrun.perfcollector <> - dir found : /sys/bus/event_source/devices/uncore_imc_5
80 [47983669135552] INFO perfrun.perfcollector <> - format: inv config:23 mask:23
80 [47983669135552] INFO perfrun.perfcollector <> - format: edge config:18 mask:18
80 [47983669135552] INFO perfrun.perfcollector <> - format: event config:0-7 mask:0-7
80 [47983669135552] INFO perfrun.perfcollector <> - format: umask config:8-15 mask:8-15
80 [47983669135552] INFO perfrun.perfcollector <> - format: thresh config:24-31 mask:24-31
80 [47983669135552] INFO perfrun.perfcollector <> - hwInfo : PERF_IMC_PMU_DETAILS
80 [47983669135552] INFO perfrun.perfcollector <> - pmu added : family : uncore_imc , id : 5
80 [47983669135552] INFO perfrun.perfcollector <> - dir found : /sys/bus/event_source/devices/uncore_irp_0
80 [47983669135552] INFO perfrun.perfcollector <> - format: inv config:23 mask:23
80 [47983669135552] INFO perfrun.perfcollector <> - format: edge config:18 mask:18
80 [47983669135552] INFO perfrun.perfcollector <> - format: event config:0-7 mask:0-7
80 [47983669135552] INFO perfrun.perfcollector <> - format: umask config:8-15 mask:8-15
80 [47983669135552] INFO perfrun.perfcollector <> - format: thresh config:24-31 mask:24-31
80 [47983669135552] INFO perfrun.perfcollector <> - hwInfo : PERF_IRP_PMU_DETAILS
80 [47983669135552] INFO perfrun.perfcollector <> - pmu added : family : uncore_irp , id : 0
80 [47983669135552] INFO perfrun.perfcollector <> - dir found : /sys/bus/event_source/devices/uncore_irp_1
80 [47983669135552] INFO perfrun.perfcollector <> - format: inv config:23 mask:23
80 [47983669135552] INFO perfrun.perfcollector <> - format: edge config:18 mask:18
80 [47983669135552] INFO perfrun.perfcollector <> - format: event config:0-7 mask:0-7
80 [47983669135552] INFO perfrun.perfcollector <> - format: umask config:8-15 mask:8-15
80 [47983669135552] INFO perfrun.perfcollector <> - format: thresh config:24-31 mask:24-31
80 [47983669135552] INFO perfrun.perfcollector <> - hwInfo : PERF_IRP_PMU_DETAILS
80 [47983669135552] INFO perfrun.perfcollector <> - pmu added : family : uncore_irp , id : 1
80 [47983669135552] INFO perfrun.perfcollector <> - dir found : /sys/bus/event_source/devices/uncore_irp_2
80 [47983669135552] INFO perfrun.perfcollector <> - format: inv config:23 mask:23
80 [47983669135552] INFO perfrun.perfcollector <> - format: edge config:18 mask:18
80 [47983669135552] INFO perfrun.perfcollector <> - format: event config:0-7 mask:0-7
81 [47983669135552] INFO perfrun.perfcollector <> - format: umask config:8-15 mask:8-15
81 [47983669135552] INFO perfrun.perfcollector <> - format: thresh config:24-31 mask:24-31
81 [47983669135552] INFO perfrun.perfcollector <> - hwInfo : PERF_IRP_PMU_DETAILS
81 [47983669135552] INFO perfrun.perfcollector <> - pmu added : family : uncore_irp , id : 2
81 [47983669135552] INFO perfrun.perfcollector <> - dir found : /sys/bus/event_source/devices/uncore_irp_3
81 [47983669135552] INFO perfrun.perfcollector <> - format: inv config:23 mask:23
81 [47983669135552] INFO perfrun.perfcollector <> - format: edge config:18 mask:18
81 [47983669135552] INFO perfrun.perfcollector <> - format: event config:0-7 mask:0-7
81 [47983669135552] INFO perfrun.perfcollector <> - format: umask config:8-15 mask:8-15
81 [47983669135552] INFO perfrun.perfcollector <> - format: thresh config:24-31 mask:24-31
81 [47983669135552] INFO perfrun.perfcollector <> - hwInfo : PERF_IRP_PMU_DETAILS
81 [47983669135552] INFO perfrun.perfcollector <> - pmu added : family : uncore_irp , id : 3
81 [47983669135552] INFO perfrun.perfcollector <> - dir found : /sys/bus/event_source/devices/uncore_irp_4
81 [47983669135552] INFO perfrun.perfcollector <> - format: inv config:23 mask:23
81 [47983669135552] INFO perfrun.perfcollector <> - format: edge config:18 mask:18
81 [47983669135552] INFO perfrun.perfcollector <> - format: event config:0-7 mask:0-7
81 [47983669135552] INFO perfrun.perfcollector <> - format: umask config:8-15 mask:8-15
81 [47983669135552] INFO perfrun.perfcollector <> - format: thresh config:24-31 mask:24-31
81 [47983669135552] INFO perfrun.perfcollector <> - hwInfo : PERF_IRP_PMU_DETAILS
81 [47983669135552] INFO perfrun.perfcollector <> - pmu added : family : uncore_irp , id : 4
81 [47983669135552] INFO perfrun.perfcollector <> - dir found : /sys/bus/event_source/devices/uncore_irp_5
81 [47983669135552] INFO perfrun.perfcollector <> - format: inv config:23 mask:23
81 [47983669135552] INFO perfrun.perfcollector <> - format: edge config:18 mask:18
81 [47983669135552] INFO perfrun.perfcollector <> - format: event config:0-7 mask:0-7
81 [47983669135552] INFO perfrun.perfcollector <> - format: umask config:8-15 mask:8-15
81 [47983669135552] INFO perfrun.perfcollector <> - format: thresh config:24-31 mask:24-31
81 [47983669135552] INFO perfrun.perfcollector <> - hwInfo : PERF_IRP_PMU_DETAILS
81 [47983669135552] INFO perfrun.perfcollector <> - pmu added : family : uncore_irp , id : 5
81 [47983669135552] INFO perfrun.perfcollector <> - dir found : /sys/bus/event_source/devices/uncore_upi_0
81 [47983669135552] INFO perfrun.perfcollector <> - format: inv config:23 mask:23
81 [47983669135552] INFO perfrun.perfcollector <> - format: edge config:18 mask:18
81 [47983669135552] INFO perfrun.perfcollector <> - format: event config:0-7 mask:0-7
81 [47983669135552] INFO perfrun.perfcollector <> - format: umask config:8-15,32-43,45-55 mask:8-15,32-43,45-55
81 [47983669135552] INFO perfrun.perfcollector <> - format: thresh config:24-31 mask:24-31
81 [47983669135552] INFO perfrun.perfcollector <> - hwInfo : PERF_UPI_PMU_DETAILS
81 [47983669135552] INFO perfrun.perfcollector <> - pmu added : family : uncore_upi , id : 0
81 [47983669135552] INFO perfrun.perfcollector <> - dir found : /sys/bus/event_source/devices/uncore_upi_1
81 [47983669135552] INFO perfrun.perfcollector <> - format: inv config:23 mask:23
81 [47983669135552] INFO perfrun.perfcollector <> - format: edge config:18 mask:18
81 [47983669135552] INFO perfrun.perfcollector <> - format: event config:0-7 mask:0-7
81 [47983669135552] INFO perfrun.perfcollector <> - format: umask config:8-15,32-43,45-55 mask:8-15,32-43,45-55
81 [47983669135552] INFO perfrun.perfcollector <> - format: thresh config:24-31 mask:24-31
81 [47983669135552] INFO perfrun.perfcollector <> - hwInfo : PERF_UPI_PMU_DETAILS
81 [47983669135552] INFO perfrun.perfcollector <> - pmu added : family : uncore_upi , id : 1
82 [47983669135552] INFO perfrun.perfcollector <> - dir found : /sys/bus/event_source/devices/uncore_m2pcie_0
82 [47983669135552] INFO perfrun.perfcollector <> - format: inv config:23 mask:23
82 [47983669135552] INFO perfrun.perfcollector <> - format: edge config:18 mask:18
82 [47983669135552] INFO perfrun.perfcollector <> - format: event config:0-7 mask:0-7
82 [47983669135552] INFO perfrun.perfcollector <> - format: umask config:8-15 mask:8-15
82 [47983669135552] INFO perfrun.perfcollector <> - format: thresh config:24-31 mask:24-31
82 [47983669135552] WARN perfrun.perfcollector <> - pmu hwInfo is not set, at file: vcs/perfrun1/plugins/perfcollector/src/controller.cpp:819
82 [47983669135552] INFO perfrun.perfcollector <> - pmu added : family : uncore_m2pcie , id : 0
82 [47983669135552] INFO perfrun.perfcollector <> - dir found : /sys/bus/event_source/devices/uncore_m2pcie_1
82 [47983669135552] INFO perfrun.perfcollector <> - format: inv config:23 mask:23
82 [47983669135552] INFO perfrun.perfcollector <> - format: edge config:18 mask:18
82 [47983669135552] INFO perfrun.perfcollector <> - format: event config:0-7 mask:0-7
82 [47983669135552] INFO perfrun.perfcollector <> - format: umask config:8-15 mask:8-15
82 [47983669135552] INFO perfrun.perfcollector <> - format: thresh config:24-31 mask:24-31
82 [47983669135552] WARN perfrun.perfcollector <> - pmu hwInfo is not set, at file: vcs/perfrun1/plugins/perfcollector/src/controller.cpp:819
82 [47983669135552] INFO perfrun.perfcollector <> - pmu added : family : uncore_m2pcie , id : 1
82 [47983669135552] INFO perfrun.perfcollector <> - dir found : /sys/bus/event_source/devices/uncore_iio_free_running_0
82 [47983669135552] INFO perfrun.perfcollector <> - format: event config:0-7 mask:0-7
82 [47983669135552] INFO perfrun.perfcollector <> - format: umask config:8-15 mask:8-15
82 [47983669135552] WARN perfrun.perfcollector <> - pmu hwInfo is not set, at file: vcs/perfrun1/plugins/perfcollector/src/controller.cpp:819
82 [47983669135552] INFO perfrun.perfcollector <> - pmu added : family : uncore_iio_free_running , id : 0
82 [47983669135552] INFO perfrun.perfcollector <> - dir found : /sys/bus/event_source/devices/uncore_iio_free_running_1
82 [47983669135552] INFO perfrun.perfcollector <> - format: event config:0-7 mask:0-7
82 [47983669135552] INFO perfrun.perfcollector <> - format: umask config:8-15 mask:8-15
82 [47983669135552] WARN perfrun.perfcollector <> - pmu hwInfo is not set, at file: vcs/perfrun1/plugins/perfcollector/src/controller.cpp:819
82 [47983669135552] INFO perfrun.perfcollector <> - pmu added : family : uncore_iio_free_running , id : 1
82 [47983669135552] INFO perfrun.perfcollector <> - dir found : /sys/bus/event_source/devices/uncore_iio_free_running_2
82 [47983669135552] INFO perfrun.perfcollector <> - format: event config:0-7 mask:0-7
82 [47983669135552] INFO perfrun.perfcollector <> - format: umask config:8-15 mask:8-15
82 [47983669135552] WARN perfrun.perfcollector <> - pmu hwInfo is not set, at file: vcs/perfrun1/plugins/perfcollector/src/controller.cpp:819
82 [47983669135552] INFO perfrun.perfcollector <> - pmu added : family : uncore_iio_free_running , id : 2
82 [47983669135552] INFO perfrun.perfcollector <> - dir found : /sys/bus/event_source/devices/uncore_iio_free_running_3
82 [47983669135552] INFO perfrun.perfcollector <> - format: event config:0-7 mask:0-7
82 [47983669135552] INFO perfrun.perfcollector <> - format: umask config:8-15 mask:8-15
82 [47983669135552] WARN perfrun.perfcollector <> - pmu hwInfo is not set, at file: vcs/perfrun1/plugins/perfcollector/src/controller.cpp:819
82 [47983669135552] INFO perfrun.perfcollector <> - pmu added : family : uncore_iio_free_running , id : 3
82 [47983669135552] INFO perfrun.perfcollector <> - dir found : /sys/bus/event_source/devices/uncore_iio_free_running_4
82 [47983669135552] INFO perfrun.perfcollector <> - format: event config:0-7 mask:0-7
82 [47983669135552] INFO perfrun.perfcollector <> - format: umask config:8-15 mask:8-15
82 [47983669135552] WARN perfrun.perfcollector <> - pmu hwInfo is not set, at file: vcs/perfrun1/plugins/perfcollector/src/controller.cpp:819
82 [47983669135552] INFO perfrun.perfcollector <> - pmu added : family : uncore_iio_free_running , id : 4
83 [47983669135552] INFO perfrun.perfcollector <> - dir found : /sys/bus/event_source/devices/uncore_iio_free_running_5
83 [47983669135552] INFO perfrun.perfcollector <> - format: event config:0-7 mask:0-7
83 [47983669135552] INFO perfrun.perfcollector <> - format: umask config:8-15 mask:8-15
83 [47983669135552] WARN perfrun.perfcollector <> - pmu hwInfo is not set, at file: vcs/perfrun1/plugins/perfcollector/src/controller.cpp:819
83 [47983669135552] INFO perfrun.perfcollector <> - pmu added : family : uncore_iio_free_running , id : 5
83 [47983669135552] INFO perfrun.perfcollector <> - dir found : /sys/bus/event_source/devices/kprobe
83 [47983669135552] INFO perfrun.perfcollector <> - format: retprobe config:0 mask:0
83 [47983669135552] WARN perfrun.perfcollector <> - pmu hwInfo is not set, at file: vcs/perfrun1/plugins/perfcollector/src/controller.cpp:819
83 [47983669135552] INFO perfrun.perfcollector <> - pmu added : family : kprobe , id : 0
83 [47983669135552] INFO perfrun.perfcollector <> - dir found : /sys/bus/event_source/devices/uprobe
83 [47983669135552] INFO perfrun.perfcollector <> - format: retprobe config:0 mask:0
83 [47983669135552] WARN perfrun.perfcollector <> - pmu hwInfo is not set, at file: vcs/perfrun1/plugins/perfcollector/src/controller.cpp:819
83 [47983669135552] INFO perfrun.perfcollector <> - pmu added : family : uprobe , id : 0
83 [47983669135552] INFO perfrun.perfcollector <> - dir found : /sys/bus/event_source/devices/uncore_m3upi_0
83 [47983669135552] INFO perfrun.perfcollector <> - format: inv config:23 mask:23
83 [47983669135552] INFO perfrun.perfcollector <> - format: edge config:18 mask:18
83 [47983669135552] INFO perfrun.perfcollector <> - format: event config:0-7 mask:0-7
83 [47983669135552] INFO perfrun.perfcollector <> - format: umask config:8-15 mask:8-15
83 [47983669135552] INFO perfrun.perfcollector <> - format: thresh config:24-31 mask:24-31
83 [47983669135552] WARN perfrun.perfcollector <> - pmu hwInfo is not set, at file: vcs/perfrun1/plugins/perfcollector/src/controller.cpp:819
83 [47983669135552] INFO perfrun.perfcollector <> - pmu added : family : uncore_m3upi , id : 0
83 [47983669135552] INFO perfrun.perfcollector <> - dir found : /sys/bus/event_source/devices/uncore_m3upi_1
83 [47983669135552] INFO perfrun.perfcollector <> - format: inv config:23 mask:23
83 [47983669135552] INFO perfrun.perfcollector <> - format: edge config:18 mask:18
83 [47983669135552] INFO perfrun.perfcollector <> - format: event config:0-7 mask:0-7
83 [47983669135552] INFO perfrun.perfcollector <> - format: umask config:8-15 mask:8-15
83 [47983669135552] INFO perfrun.perfcollector <> - format: thresh config:24-31 mask:24-31
83 [47983669135552] WARN perfrun.perfcollector <> - pmu hwInfo is not set, at file: vcs/perfrun1/plugins/perfcollector/src/controller.cpp:819
83 [47983669135552] INFO perfrun.perfcollector <> - pmu added : family : uncore_m3upi , id : 1
83 [47983669135552] INFO perfrun.perfcollector <> - dir found : /sys/bus/event_source/devices/breakpoint
83 [47983669135552] WARN perfrun.perfcollector <> - format subdir doesn't exist, at file: vcs/perfrun1/plugins/perfcollector/src/controller.cpp:725
83 [47983669135552] WARN perfrun.perfcollector <> - pmu hwInfo is not set, at file: vcs/perfrun1/plugins/perfcollector/src/controller.cpp:819
83 [47983669135552] INFO perfrun.perfcollector <> - pmu added : family : breakpoint , id : 0
83 [47983669135552] INFO perfrun.perfcollector <> - dir found : /sys/bus/event_source/devices/uncore_ubox
83 [47983669135552] INFO perfrun.perfcollector <> - format: inv config:23 mask:23
83 [47983669135552] INFO perfrun.perfcollector <> - format: edge config:18 mask:18
83 [47983669135552] INFO perfrun.perfcollector <> - format: event config:0-7 mask:0-7
83 [47983669135552] INFO perfrun.perfcollector <> - format: umask config:8-15 mask:8-15
83 [47983669135552] INFO perfrun.perfcollector <> - format: thresh config:24-28 mask:24-28
83 [47983669135552] WARN perfrun.perfcollector <> - pmu hwInfo is not set, at file: vcs/perfrun1/plugins/perfcollector/src/controller.cpp:819
83 [47983669135552] INFO perfrun.perfcollector <> - pmu added : family : uncore_ubox , id : 0
83 [47983669135552] INFO perfrun.perfcollector <> - dir found : /sys/bus/event_source/devices/intel_pt
84 [47983669135552] INFO perfrun.perfcollector <> - format: pt config:0 mask:0
84 [47983669135552] INFO perfrun.perfcollector <> - format: cyc config:1 mask:1
84 [47983669135552] INFO perfrun.perfcollector <> - format: mtc config:9 mask:9
84 [47983669135552] INFO perfrun.perfcollector <> - format: ptw config:12 mask:12
84 [47983669135552] INFO perfrun.perfcollector <> - format: tsc config:10 mask:10
84 [47983669135552] INFO perfrun.perfcollector <> - format: psb_period config:24-27 mask:24-27
84 [47983669135552] INFO perfrun.perfcollector <> - format: fup_on_ptw config:5 mask:5
84 [47983669135552] INFO perfrun.perfcollector <> - format: pwr_evt config:4 mask:4
84 [47983669135552] INFO perfrun.perfcollector <> - format: noretcomp config:11 mask:11
84 [47983669135552] INFO perfrun.perfcollector <> - format: mtc_period config:14-17 mask:14-17
84 [47983669135552] INFO perfrun.perfcollector <> - format: branch config:13 mask:13
84 [47983669135552] INFO perfrun.perfcollector <> - format: cyc_thresh config:19-22 mask:19-22
84 [47983669135552] WARN perfrun.perfcollector <> - pmu hwInfo is not set, at file: vcs/perfrun1/plugins/perfcollector/src/controller.cpp:819
84 [47983669135552] INFO perfrun.perfcollector <> - pmu added : family : intel_pt , id : 0
84 [47983669135552] INFO perfrun.launcher <> - plugin perf has been added successfully
84 [47983669135552] INFO perfrun.launcher <> - plugin aoclprofile has been added successfully
84 [47983669135552] INFO perfrun.launcher <> - plugin tpss has been added successfully
84 [47983669135552] INFO perfrun.launcher <> - plugin exprof has been added successfully
84 [47983669135552] INFO perfrun.launcher <> - plugin media has been added successfully
84 [47983669135552] INFO perfrun.launcher <> - plugin ice has been added successfully
84 [47983669135552] INFO perfrun.launcher <> - plugin  has been added successfully
84 [47983669135552] INFO perfrun.launcher <> - plugin  has been added successfully
84 [47983669135552] INFO perfrun.launcher <> - plugin parallelfs has been added successfully
84 [47983669135552] INFO perfrun.launcher <> - plugin power has been added successfully
84 [47983669135552] INFO perfrun.launcher <> - plugin hwloc has been added successfully
85 [47983669135552] INFO perfrun.launcher <> - plugin ipmwatch has been added successfully
85 [47983669135552] INFO perfrun.launcher <> - plugin os_counters has been added successfully
85 [47983669135552] INFO perfrun.launcher <> - the option was added --interval: Specify an interval of data collection (for example, sampling) in milliseconds.
85 [47983669135552] INFO perfrun.launcher <> - the option was added --follow-child: Profile process with or without children.
85 [47983669135552] INFO perfrun.launcher <> - the option was added --gelding: BADMSG: perfrun1.launcher.plugin_manager::gelding
85 [47983669135552] INFO perfrun.launcher <> - the option was added --time-source: Specify time source for measurement. Possible values: sys - wall clock time; tsc - time stamp counter; ext - time from an external source; auto - auto select accurate time source.
85 [47983669135552] INFO perfrun.launcher <> - the option was added --stack: Enable or disable collection of stacks.
85 [47983669135552] INFO perfrun.launcher <> - the option was added --stack-stitching: Enable or disable the stack stitching algorithm for Intel TBB-based applications.
85 [47983669135552] INFO perfrun.launcher <> - the option was added --type: Specify type of data to be collected. For example, --type cpu:counters,waiting:nostack,io.
85 [47983669135552] INFO perfrun.launcher <> - the option was added --mrte-mode: Specify Java/.NET/other managed runtime collection mode. Possible values: native - collect information only for native code; managed - collect information only for managed code; mixed - collect information for both managed and native code; auto - choose the mode based on binary type.
86 [47983669135552] INFO perfrun.launcher <> - the option was added --mrte-mode-list: List supported Java/.NET/other managed runtime collection modes.
86 [47983669135552] INFO perfrun.launcher <> - the option was added --mrte-type: Specify which managed runtimes to collect. Possible values: java - collect information for Java; dotnet - collect information for .NET; python - collect information for CPython. You can specify several values separated by comma.
86 [47983669135552] INFO perfrun.launcher <> - the option was added --mrte-type-list: List supported Java/.NET/other managed runtime types.
86 [47983669135552] INFO perfrun.launcher <> - the option was added --trace-strategy: Specify how to profile a process tree. <string> can be "<process>:trace:notrace" - profile the process but do not profile its children. Shorthand parameters: t - trace, nt - notrace. For example, "vtunedemo.exe:t:t".
86 [47983669135552] INFO perfrun.launcher <> - the option was added --collector: BADMSG: perfrun1.launcher.plugin_manager::collector
86 [47983669135552] INFO perfrun.launcher <> - the option was added --system-wide: Enable system-wide profiling. This mode may require additional permissions.
86 [47983669135552] INFO perfrun.launcher <> - the option was added --kvm-guest: Enable KVM guest OS profiling.
86 [47983669135552] INFO perfrun.launcher <> - the option was added --kvm-guest-kallsyms: Specify a local path to the /proc/kallsyms file copied from the guest OS for proper symbol resolution.
86 [47983669135552] INFO perfrun.launcher <> - the option was added --kvm-guest-modules: Specify a local path to the /proc/modules file copied from the guest OS for proper symbol resolution.
86 [47983669135552] INFO perfrun.launcher <> - the option was added --bandwidth-limits: Measure bandwidth limits
86 [47983669135552] INFO perfrun.launcher <> - the option was added --acrn-map-info: Collect map info for ACRN
86 [47983669135552] INFO perfrun.launcher <> - the option was added --bandwidth-strategy: Bandwidth limits determination specific properties (example: --bandwidth-strategy array-size=0,duration=500).
86 [47983669135552] INFO perfrun.launcher <> - the option was added --bandwidth-config: List of benchmarks to run.
86 [47983669135552] INFO perfrun.launcher <> - the option was added --target-gpu: target-gpu
86 [47983669135552] INFO perfrun.launcher <> - the option was added --dump-vdso: Dump [vdso] to result directory
86 [47983669135552] INFO perfrun.launcher <> - the option was added --system-collector-config: Specify subcollectors. Possible values: all, container, device-info, none. Specify subcollectors. Possible values: all, vdso.
86 [47983669135552] INFO perfrun.launcher <> - the option was added --itt-config: Specify a sub-set of ITT API to collect.
86 [47983669135552] INFO perfrun.launcher <> - the option was added --itt-debug: Set pseudo-breakpoint at ITT API collector's start to enable the debugger to attach early.
86 [47983669135552] INFO perfrun.launcher <> - the option was added --ptrace: Ptrace collector.
86 [47983669135552] INFO perfrun.launcher <> - the option was added --target-pid: BADMSG: perfrun1.ptracecollector::target-pid
86 [47983669135552] INFO perfrun.launcher <> - the option was added --ptrace-server-pid: BADMSG: perfrun1.ptracecollector::ptrace-server-pid
86 [47983669135552] INFO perfrun.launcher <> - the option was added --ptrace-trace: BADMSG: perfrun1.ptracecollector::ptrace-trace
86 [47983669135552] INFO perfrun.launcher <> - the option was added --ptrace-time-source: BADMSG: perfrun1.ptracecollector::ptrace-time-source
86 [47983669135552] INFO perfrun.launcher <> - the option was added --ptrace-start-type: BADMSG: perfrun1.ptracecollector::ptrace-start-type
86 [47983669135552] INFO perfrun.launcher <> - the option was added --gpu-config: Specify types of GPU data to be collected. Possible values: preset1, preset2.
86 [47983669135552] INFO perfrun.launcher <> - the option was added --gpu-debug: Enable self-testing of the GPGPU profiling collector.
86 [47983669135552] INFO perfrun.launcher <> - the option was added --gpu-counting: Collect GPU data in the counting mode.
86 [47983669135552] INFO perfrun.launcher <> - the option was added --emon-preset: Specify a preset for EMON collector. For available presets, run: emon -preset-list.
86 [47983669135552] INFO perfrun.launcher <> - the option was added --emon-csv-trace-format: Use CSV format for EMON trace file.
86 [47983669135552] INFO perfrun.launcher <> - the option was added --emon-machine-readable-ver: Write machine readable EMON version file.
87 [47983669135552] INFO perfrun.launcher <> - the option was added --custom-collector: Allows to provide arbitrary command line to be run on collection steps.
87 [47983669135552] INFO perfrun.launcher <> - the option was added --stdsrc-config: Specify Standard Sources category tag(s).
87 [47983669135552] INFO perfrun.launcher <> - the option was added --ftrace-config-list: List Linux Ftrace category tag(s).
87 [47983669135552] INFO perfrun.launcher <> - the option was added --ftrace-config: Specify Linux Ftrace category tag(s).
87 [47983669135552] INFO perfrun.launcher <> - the option was added --ftrace-function-groups: Enable tracing of specific groups of functions.
87 [47983669135552] INFO perfrun.launcher <> - the option was added --event-info: BADMSG: perfrun1.stdsrc::event-info
87 [47983669135552] INFO perfrun.launcher <> - the option was added --cpu-list: List supported CPUs.
87 [47983669135552] INFO perfrun.launcher <> - the option was added --target-list: List available targets for performing sampling collection.
87 [47983669135552] INFO perfrun.launcher <> - the option was added --event-value-list: Display event information.
87 [47983669135552] INFO perfrun.launcher <> - the option was added --platform-value-list: Display details of supported platforms.
87 [47983669135552] INFO perfrun.launcher <> - the option was added --uncore-event-list: List uncore events for which a sampling data collection can be performed on this platform.
87 [47983669135552] INFO perfrun.launcher <> - the option was added --modifier-list: Specify the event name <string> for which the modifiers list is requested.
87 [47983669135552] INFO perfrun.launcher <> - the option was added --pmu-list: List supported PMUs.
87 [47983669135552] INFO perfrun.launcher <> - the option was added --os-mode-only: Enable sampling data collection for OS-mode processes only.
87 [47983669135552] INFO perfrun.launcher <> - the option was added --user-mode-only: Enable sampling data collection for user-mode processes only.
87 [47983669135552] INFO perfrun.launcher <> - the option was added --event-config: Perform data collection for the events with <string> configured using the format <event name1>":modifier1=val:modifier2=val/constraint1={:modifier3=val:modifier4=val}...,"<event name2>":... Specify the events(s) to monitor and embed the event names within double quotes("). [:modifier=val] specifies individual event modifiers along with the respective values for a given platform. Note that the modifiers can be generic to an event as well as specific to a constraint (or an event qualifier). The constraint specific special modifiers appear after [/constraint=]. The modifiers can be in decimal or hexadecimal format. Only specific modifiers accept the value as a string. Each event specification is delimited by a comma (,). For a list of supported modifiers and constraints, refer to the documentation.
87 [47983669135552] INFO perfrun.launcher <> - the option was added --chipset-event-config: Perform data collection for the chipset events with <string> configured using the format "<event name1>"...,"<event name2>":... Specify the events(s) to monitor and embed the event names within double quotes(").
87 [47983669135552] INFO perfrun.launcher <> - the option was added --uncore-event-config: Perform uncore data collection in ebc count mode for the events with <string> configured using the format "<event name1>"...,"<event name2>":... Specify the events(s) to monitor and embed the event names within double quotes(").
87 [47983669135552] INFO perfrun.launcher <> - the option was added --count-emon: Enable counting mode and output the data in EMON format.
87 [47983669135552] INFO perfrun.launcher <> - the option was added --event-based-counts: Enable event-based counting mode. During sampling data collection, event counts data is collected for the list of events specified in -event-config option.
87 [47983669135552] INFO perfrun.launcher <> - the option was added --event-mux-tfactor: Specify the event multiplexing tfactor as <integer> to set the length of the interval between interrupts. The larger the tfactor value, the larger the period between interrupts. Currently this option is only available on Intel platforms codenamed Knights Corner.
87 [47983669135552] INFO perfrun.launcher <> - the option was added --full-pebs-capture: Capture full pebs information.
87 [47983669135552] INFO perfrun.launcher <> - the option was added --last-branch-records: Capture Last Branch Records information.
87 [47983669135552] INFO perfrun.launcher <> - the option was added --pmu-type: Specify the targeted PMU name as <string>.
87 [47983669135552] INFO perfrun.launcher <> - the option was added --platform-type: Specify the targeted platform number as <number>.
87 [47983669135552] INFO perfrun.launcher <> - the option was added --p-state-trigger: Specify the name of the trigger event for P-state data as <string>. The default trigger is CPU_CLK_UNHALTED.REF_TSC.
87 [47983669135552] INFO perfrun.launcher <> - the option was added --rdt-auto-rmid: Enable automatic Core pinning on RMIDs for RDT monitoring capabilities.
87 [47983669135552] INFO perfrun.launcher <> - the option was added --bts-count: Specify the <integer> number of BTS records collected after each sample or context switch (VTSS++ only).
87 [47983669135552] INFO perfrun.launcher <> - the option was added --cpu-mask: Specify which CPU(s) <string> to collect data on. For example, specify "2-8,10,12-14" to sample only CPUs 2 through 8, 10, and 12 through 14.
87 [47983669135552] INFO perfrun.launcher <> - the option was added --event-mux-alg: Specify the event multiplexing algorithm. Possible values: sequence, timer, trigger.
88 [47983669135552] INFO perfrun.launcher <> - the option was added --event-mux-timeslice: Specify the event multiplexing time slice value as <integer>. The time slice specifies the duration between cycles for each event multiplexing group. The default value is 50 milliseconds. This option is valid only for timer-based event multiplexing. Specify the event multiplexing time slice value as <integer>. The time slice specifies the duration between cycles for each event multiplexing group. The default value is 1 millisecond. This option is valid only for timer-based event multiplexing.
88 [47983669135552] INFO perfrun.launcher <> - the option was added --event-mux-factor: Specify the event multiplexing factor as <integer>. It controls the switching of event multiplexing groups. The default factor is 50. This option is valid only for trigger-based event multiplexing. Specify the event multiplexing factor as <integer>. It controls the switching of event multiplexing groups. The default factor is 1. This option is valid only for trigger-based event multiplexing.
88 [47983669135552] INFO perfrun.launcher <> - the option was added --event-mux-trigger: Specify the name of the trigger event for event multiplexing as <string>. This option is valid only for trigger-based event multiplexing. The default trigger is CPU_CLK_UNHALTED.CORE (or CPU_CLK_UNHALTED.THREAD). BADMSG: perfrun1.vtsspp::event-mux-trigger
88 [47983669135552] INFO perfrun.launcher <> - the option was added --pt-mode: BADMSG: perfrun1.vtsspp::pt-mode
88 [47983669135552] INFO perfrun.launcher <> - the option was added --sample-after-multiplier: Specify the sample after multiplier as <double>. This multiplier modifies the sample after value for all the events specified in -event-config option. The values can range from 0.1 to 100.0. SAV multiplier value
88 [47983669135552] INFO perfrun.launcher <> - the option was added --uncore-sampling-interval: Specify the uncore sampling interval as <integer>. This value set the uncore sampling interval for all the uncore events specified in -event-config option.
88 [47983669135552] INFO perfrun.launcher <> - the option was added --count: Enable counting mode. Enable counting mode
88 [47983669135552] INFO perfrun.launcher <> - the option was added --trace-mpi: Configure collector to trace MPI code.
88 [47983669135552] INFO perfrun.launcher <> - the option was added --aggregated-counting: Enable aggregated counting mode. Enable aggregated-counting mode
88 [47983669135552] INFO perfrun.launcher <> - the option was added --perf-per-cpu: System-wide collection from all CPUs
88 [47983669135552] INFO perfrun.launcher <> - the option was added --raw-perf-config: Specify a verified configuration for the Perf collector in the format: <describer>,<content>. For example: map-events-file,<path_to_map_events_file>.
88 [47983669135552] INFO perfrun.launcher <> - the option was added --sys-config: BADMSG: perfrun1.vtsspp::sys-config Specify types of system data to be collected. Supported value: cswitch - collect context switch information.
88 [47983669135552] INFO perfrun.launcher <> - the option was added --perf-event-config: Specify events for Perf collector in Perf format. For example: perf-event-config=cpu-clock.
88 [47983669135552] INFO perfrun.launcher <> - the option was added --perf-aio: Number of control blocks in asynchronous trace writing mode.
88 [47983669135552] INFO perfrun.launcher <> - the option was added --perf-compression: Specify compression of Perf collector output data. Possible levels: 0 - without compression, 1..3 - best speed, 4..22 - best compression that incurs big overhead.
88 [47983669135552] INFO perfrun.launcher <> - the option was added --perf-mmap-flush: Minimum data size read from the kernel mapped region.
88 [47983669135552] INFO perfrun.launcher <> - the option was added --perf-affinity: Adjust an affinity mask of the Perf thread to a node with an allocated memory trace buffer.
88 [47983669135552] INFO perfrun.launcher <> - the option was added --perf-threads: Setup threading mode for trace writing.
88 [47983669135552] INFO perfrun.launcher <> - the option was added --generate-platform-cmd: Get perf command line for an arbitrary target.
88 [47983669135552] INFO perfrun.launcher <> - the option was added --aocl-profile: Enable profiling and data collection through AOCL profiling tool.
88 [47983669135552] INFO perfrun.launcher <> - the option was added --aocl-source-file: Path to .source file. Find this in the compilation output directory of the FPGA application. Use this option to help attribute performance statistics to the source lines. If unspecified, AOCL profiler will attempt to locate the file in the current directory.
88 [47983669135552] INFO perfrun.launcher <> - the option was added --aocl-binary-aocx-file: Path to .aocx file (OpenCL flow) or host binary (DPC++ flow). If you do not provide this path: 1) For OpenCL flow, AOCL Profiler attempts to locate the file in the working directory. 2) For DPC++ flow, the collector assumes that host binary is used as an application to launch.
88 [47983669135552] INFO perfrun.launcher <> - the option was added --aocl-period: Specifies the number of cycles between readbacks from the device. The default value is 0 and indicates that the profiler should read back data as often as possible.
88 [47983669135552] INFO perfrun.launcher <> - the option was added --aocl-no-temporal: Disables readback during execution and only reads back non-autorun kernels once they finish executing.
89 [47983669135552] INFO perfrun.launcher <> - the option was added --aocl-no-mem-transfers: Disables the recording of memory transfer information.
89 [47983669135552] INFO perfrun.launcher <> - the option was added --stackwalk: Specify stack unwinding method. Possible values: online - unwind stacks during collection; offline - unwind stacks after collection is finished. Specify stack unwinding method. Possible value: lbr - unwind stacks during collection. Specify stack unwinding method. Possible values: online - unwind stacks during collection; offline - unwind stacks after collection is finished; lbr - enable LBR-based call stack collection. Specify stack unwinding method. Possible values: online - unwind stacks during collection; offline - unwind stacks after collection is finished. Specify stack unwinding method. Possible values: online - unwind stacks during collection; offline - unwind stacks after collection is finished.
89 [47983669135552] INFO perfrun.launcher <> - the option was added --filter-include: Filter data during collection. Possible values: contended=<on|off> - filter out uncontended events; contended_nostack=<time> - filter out stacks for contended events that take less than <time> microseconds; wait=<time> - ignore transitions and blocks with wait time less than <time> microseconds; wait_nostack=<time> - filter out stacks for waits that take less than <time> microseconds.
89 [47983669135552] INFO perfrun.launcher <> - the option was added --debug-pin: Debug PIN tool and runtime.
89 [47983669135552] INFO perfrun.launcher <> - the option was added --debug-exception: Disallow the application to set own abnormal termination handler.
89 [47983669135552] INFO perfrun.launcher <> - the option was added --trace-type: Specify the trace file granularity. Possible values: per-thread - per-thread trace file generation; per-process - per-process trace file generation.
89 [47983669135552] INFO perfrun.launcher <> - the option was added --instrumentation-type: Specify type of instrumentation.
89 [47983669135552] INFO perfrun.launcher <> - the option was added --altstack: Enable or disable usage of altstacks for profiling signal handlers.
89 [47983669135552] INFO perfrun.launcher <> - the option was added --profiling-signal: BADMSG: perfrun1.ptracecollector::profiling-signal Alternate profiling signal.
89 [47983669135552] INFO perfrun.launcher <> - the option was added --memory-strategy: Specify a minimal memory object size to be traced and a hash table size for faster objects search; for example: --memory-strategy obj-size-min=1024,hash-table-size=4096.
89 [47983669135552] INFO perfrun.launcher <> - the option was added --gpu-profiling-type: Specify a type of deep GPU profiling: none, bblatency, memlatency, instcount.
89 [47983669135552] INFO perfrun.launcher <> - the option was added --opencl-trace-mode: Specify OpenCL kernel tracing modes: 'default' to trace OpenCL kernels for Intel Graphics Driver only; 'epoch' for any non-Intel graphics, where OpenCL kernels will be traced and OpenCL profiling API timestamps will be interpreted as Unux Epoch time in nanoseconds; 'completion' to trace OpenCL kernels for any Graphics Driver and bind OpenCL profiling API timestamps to the timestamp of OpenCL completion callback.
89 [47983669135552] INFO perfrun.launcher <> - the option was added --gpu-kernels-to-profile: Specify a comma-separated list of GPU kernel names and invocations to be profiled in the following format: kernel_name[#start_idx#step#stop_idx], where kernel_name is the name of GPU kernel; start_idx is the number of the first invocation; and stop_idx is the number of the last invocation to be profiled.
89 [47983669135552] INFO perfrun.launcher <> - the option was added --exprof-com-list: List available COM ports.
89 [47983669135552] INFO perfrun.launcher <> - the option was added --exprof-dvc-list: List available DvC IDs.
89 [47983669135552] INFO perfrun.launcher <> - the option was added --exprof-trace-channel: BADMSG: perfrun1.exprof::exprof-trace-channel
89 [47983669135552] INFO perfrun.launcher <> - the option was added --exprof-event-config: Specify ExactProfiling Event Classes.
89 [47983669135552] INFO perfrun.launcher <> - the option was added --ice-pmons-list: BADMSG: perfrun1.ice::ice-pmons-list
89 [47983669135552] INFO perfrun.launcher <> - the option was added --ice-pmons-config: BADMSG: perfrun1.ice::ice-pmons-config
89 [47983669135552] INFO perfrun.launcher <> - the option was added --ice-sw-trace: Collect software traces of the Intel Neural Network Processor (NNP-I) and analyze software context of inference progress.
89 [47983669135552] INFO perfrun.launcher <> - the option was added --ice-sample-after-value: BADMSG: perfrun1.ice::ice-sample-after-value
89 [47983669135552] INFO perfrun.launcher <> - the option was added --ice-frequency: BADMSG: perfrun1.ice::ice-frequency
89 [47983669135552] INFO perfrun.launcher <> - the option was added --parallel-fs-config: Specify parallel fs counters to collect.
89 [47983669135552] INFO perfrun.launcher <> - the option was added --pwr-config: BADMSG: perfrun1.vtsspp::pwr-config Specify power metrics configuration.
89 [47983669135552] INFO perfrun.launcher <> - the option was added --pwr-sampling-interval: Specify Intel SoC Watch sampling interval.
89 [47983669135552] INFO perfrun.launcher <> - the option was added --collect-topology: Collect topology info with hwloc.
89 [47983669135552] INFO perfrun.launcher <> - the option was added --persistent-mem-metrics: Collect Persistent Memory performance counters.
89 [47983669135552] INFO perfrun.launcher <> - the option was added --os-counters: Collect OS counters
90 [47983669135552] INFO perfrun.launcher <> - create msngr2::ICliToolContext
90 [47983669135552] INFO perfrun.launcher <> - create file finder object
95 [47983789467392] INFO perfrun.launcher <> - plugin [remoteplug] was disabled because it doesn't support the given collection type.
95 [47983789467392] INFO perfrun.launcher <> - plugin [system] was disabled because it doesn't support the given collection type.
95 [47983789467392] INFO perfrun.vdso <> - dumping [vdso] pseudomodule
96 [47983789467392] INFO perfrun.launcher <> - plugin [itt] was disabled because it doesn't support the given collection type.
96 [47983789467392] INFO perfrun.launcher <> - plugin [ptracecollector] was disabled because it doesn't support the given collection type.
96 [47983789467392] INFO perfrun.launcher <> - plugin [gpu] was disabled because it doesn't support the given collection type.
96 [47983789467392] INFO perfrun.launcher <> - plugin [] was disabled because it doesn't support the given collection type.
96 [47983789467392] INFO perfrun.launcher <> - plugin [] was disabled because it doesn't support the given collection type.
96 [47983789467392] INFO perfrun.launcher <> - plugin [] was disabled because it doesn't support the given collection type.
96 [47983789467392] INFO perfrun.launcher <> - plugin [mrte] was disabled because it doesn't support the given collection type.
96 [47983789467392] INFO perfrun.launcher <> - plugin [emon] was disabled because it doesn't support the given collection type.
96 [47983789467392] INFO perfrun.launcher <> - plugin [cuscol] was disabled because it doesn't support the given collection type.
96 [47983789467392] INFO perfrun.launcher <> - plugin [stdsrc] was disabled because it doesn't support the given collection type.
96 [47983789467392] INFO perfrun.launcher <> - plugin [sep] was disabled because it doesn't support the given collection type.
97 [47983789467392] INFO perfrun.launcher <> - plugin [vtsspp] was disabled because it doesn't support the given collection type.
97 [47983789467392] INFO perfrun.launcher <> - plugin [perf] was disabled because it doesn't support the given collection type.
97 [47983789467392] INFO perfrun.launcher <> - plugin [aoclprofile] was disabled because it doesn't support the given collection type.
97 [47983789467392] INFO perfrun.launcher <> - plugin [tpss] was disabled because it doesn't support the given collection type.
97 [47983789467392] INFO perfrun.launcher <> - plugin [exprof] was disabled because it doesn't support the given collection type.
97 [47983789467392] INFO perfrun.launcher <> - plugin [media] was disabled because it doesn't support the given collection type.
97 [47983789467392] INFO perfrun.launcher <> - plugin [ice] was disabled because it doesn't support the given collection type.
97 [47983789467392] INFO perfrun.launcher <> - plugin [] was disabled because it doesn't support the given collection type.
97 [47983789467392] INFO perfrun.launcher <> - plugin [] was disabled because it doesn't support the given collection type.
97 [47983789467392] INFO perfrun.launcher <> - plugin [parallelfs] was disabled because it doesn't support the given collection type.
97 [47983789467392] INFO perfrun.launcher <> - plugin [power] was disabled because it doesn't support the given collection type.
97 [47983789467392] INFO perfrun.launcher <> - plugin [hwloc] was disabled because it doesn't support the given collection type.
97 [47983789467392] INFO perfrun.launcher <> - plugin [ipmwatch] was disabled because it doesn't support the given collection type.
97 [47983789467392] INFO perfrun.launcher <> - plugin [os_counters] was disabled because it doesn't support the given collection type.
97 [47983669135552] INFO perfrun.launcher <> - Application exit code: 0
97 [47983669135552] INFO perfrun.launcher <> - Exit code: 0
